<?xml version="1.0" encoding="UTF-8"?>
<!-- Generated by org.testng.reporters.JUnitXMLReporter -->
<testsuite ignored="2" hostname="LAPTOP-H7R7DK85" failures="0" tests="7" name="Default test" time="0.123" errors="0" timestamp="2024-07-26T10:49:59 IST">
  <testcase classname="testng.FlagsTest" name="demo1" time="0.014"/>
  <testcase classname="testng.FlagsTest" name="demo1" time="0.014"/>
  <testcase classname="testng.FlagsTest" name="demo3" time="0.002"/>
  <testcase classname="testng.FlagsTest" name="demo3" time="0.004"/>
  <testcase classname="testng.FlagsTest" name="demo3" time="0.004"/>
  <testcase classname="testng.FlagsTest" name="demo4" time="0.004"/>
  <testcase classname="testng.FlagsTest" name="demo4" time="0.002"/>
  <testcase classname="testng.FlagsTest" name="demo5" time="0.0">
    <ignored/>
  </testcase> <!-- demo5 -->
  <testcase classname="testng.FlagsTest" name="demo2" time="0.0">
    <ignored/>
  </testcase> <!-- demo2 -->
</testsuite> <!-- Default test -->
