<?xml version="1.0" encoding="UTF-8"?>
<!-- Generated by org.testng.reporters.JUnitXMLReporter -->
<testsuite ignored="0" hostname="DESKTOP-IP4K28O" failures="0" tests="3" name="Default test" time="0.106" errors="0" timestamp="2024-08-08T09:38:41 IST">
  <testcase classname="testng.DataProvidersTest" name="bookTicketTest" time="0.012"/>
  <testcase classname="testng.DataProvidersTest" name="bookTicketTest" time="0.003"/>
  <testcase classname="testng.DataProvidersTest" name="bookTicketTest" time="0.002"/>
</testsuite> <!-- Default test -->
