<?xml version="1.0" encoding="UTF-8"?>
<!-- Generated by org.testng.reporters.JUnitXMLReporter -->
<testsuite ignored="0" hostname="LAPTOP-H7R7DK85" failures="1" tests="1" name="Test" time="0.053" errors="0" timestamp="2024-08-03T10:38:58 IST">
  <testcase classname="testng.RetryTest" name="demo" time="0.015">
    <failure type="java.lang.AssertionError" message="null">
      <![CDATA[java.lang.AssertionError: null
at testng.RetryTest.demo(RetryTest.java:13)
at java.base/java.util.ArrayList.forEach(ArrayList.java:1511)
... Removed 27 stack frames]]>
    </failure>
  </testcase> <!-- demo -->
</testsuite> <!-- Test -->
