<?xml version="1.0" encoding="UTF-8"?>
<!-- Generated by org.testng.reporters.JUnitXMLReporter -->
<testsuite ignored="3" hostname="LAPTOP-H7R7DK85" failures="0" tests="2" name="Test" time="66.859" errors="0" timestamp="2024-07-30T10:27:55 IST">
  <testcase classname="testNGImplementation.CreateOrgWithTypeAndIndustryTest" name="createOrgWithTypeAndIndustryTest" time="19.236"/>
  <testcase classname="testNGImplementation.CreateOrganizationTest" name="createOrgTest" time="19.082"/>
  <testcase classname="testNGImplementation.CreateAndDuplicateLeadTest" name="createAndDuplicateLeadTest" time="0.0">
    <ignored/>
  </testcase> <!-- createAndDuplicateLeadTest -->
  <testcase classname="testNGImplementation.CreateContactWithExistingOrgTest" name="createContact" time="0.0">
    <ignored/>
  </testcase> <!-- createContact -->
  <testcase classname="testNGImplementation.CreateEventTest" name="createEventTest" time="0.0">
    <ignored/>
  </testcase> <!-- createEventTest -->
</testsuite> <!-- Test -->
