<?xml version="1.0" encoding="UTF-8"?>
<testng-results ignored="0" total="1" passed="1" failed="0" skipped="0">
  <reporter-output>
    <line>
      <![CDATA[demo]]>
    </line>
  </reporter-output>
  <suite started-at="2024-08-03T10:41:27 IST" name="Failed suite [Suite]" finished-at="2024-08-03T10:41:27 IST" duration-ms="55">
    <groups>
    </groups>
    <test started-at="2024-08-03T10:41:27 IST" name="Test(failed)" finished-at="2024-08-03T10:41:27 IST" duration-ms="55">
      <class name="testng.RetryTest">
        <test-method signature="demo()[pri:0, instance:testng.RetryTest@3059cbc]" started-at="2024-08-03T10:41:27 IST" name="demo" finished-at="2024-08-03T10:41:27 IST" duration-ms="13" status="PASS">
          <reporter-output>
            <line>
              <![CDATA[demo]]>
            </line>
          </reporter-output>
        </test-method> <!-- demo -->
      </class> <!-- testng.RetryTest -->
    </test> <!-- Test(failed) -->
  </suite> <!-- Failed suite [Suite] -->
</testng-results>
